app/build/intermediates/manifest_merge_blame_file/debug/manifest-merger-blame-debug-report.txt
1<?xml version="1.0" encoding="utf-8"?>
2<manifest xmlns:android="http://schemas.android.com/apk/res/android"
3    package="com.raywenderlich.android.droidwiki"
4    android:versionCode="1"
5    android:versionName="1.0" >
6
7    <uses-sdk
8        android:minSdkVersion="21"
8-->src/main/AndroidManifest.xml
9        android:targetSdkVersion="28" />
9-->src/main/AndroidManifest.xml
10
11    <uses-permission android:name="android.permission.INTERNET" />
11-->src/main/AndroidManifest.xml:5:5-66
11-->src/main/AndroidManifest.xml:5:22-64
12
13    <application
13-->src/main/AndroidManifest.xml:7:5-25:19
14        android:name="com.raywenderlich.android.droidwiki.application.WikiApplication"
14-->src/main/AndroidManifest.xml:8:9-87
15        android:allowBackup="true"
15-->src/main/AndroidManifest.xml:9:9-35
16        android:appComponentFactory="androidx.core.app.CoreComponentFactory"
16-->[androidx.core:core:1.1.0] AndroidManifest.xml:24:18-86
17        android:debuggable="true"
18        android:icon="@mipmap/ic_launcher"
18-->src/main/AndroidManifest.xml:11:9-43
19        android:label="@string/app_name"
19-->src/main/AndroidManifest.xml:10:9-41
20        android:roundIcon="@mipmap/ic_launcher_round"
20-->src/main/AndroidManifest.xml:12:9-54
21        android:supportsRtl="true"
21-->src/main/AndroidManifest.xml:13:9-35
22        android:testOnly="true"
23        android:theme="@android:style/Theme.Material.Light.DarkActionBar" >
23-->src/main/AndroidManifest.xml:14:9-74
24        <activity
24-->src/main/AndroidManifest.xml:15:9-22:20
25            android:name="com.raywenderlich.android.droidwiki.ui.splashscreen.Splashscreen"
25-->src/main/AndroidManifest.xml:15:19-98
26            android:theme="@style/Splashscreen" >
26-->src/main/AndroidManifest.xml:16:13-48
27            <intent-filter>
27-->src/main/AndroidManifest.xml:17:13-21:29
28                <action android:name="android.intent.action.MAIN" />
28-->src/main/AndroidManifest.xml:18:17-69
28-->src/main/AndroidManifest.xml:18:25-66
29
30                <category android:name="android.intent.category.LAUNCHER" />
30-->src/main/AndroidManifest.xml:20:17-77
30-->src/main/AndroidManifest.xml:20:27-74
31            </intent-filter>
32        </activity>
33        <activity android:name="com.raywenderlich.android.droidwiki.ui.homepage.HomepageActivity" />
33-->src/main/AndroidManifest.xml:23:9-101
33-->src/main/AndroidManifest.xml:23:19-98
34        <activity android:name="com.raywenderlich.android.droidwiki.ui.search.SearchActivity" />
34-->src/main/AndroidManifest.xml:24:9-97
34-->src/main/AndroidManifest.xml:24:19-94
35    </application>
36
37</manifest>